WARNING:root:UnicodeError: http://www.forvo.com/search/محمود%20احمدی%E2%80%8Cنژاد/
ERROR:root:OpenError: http://www.diplomaticobserver.com/news_read.asp?id=1871
ERROR:root:OpenError: http://www.facebook.com/pages/Mahmud-Ahmedinejad/8613283977?v=info&viewas=0
ERROR:root:OpenError: http://www.president.ir/eng/ahmadinejad/bio/
ERROR:root:OpenError: http://web.archive.org/web/3
WARNING:root:HtmlParseError: http://www.iranchamber.com/history/mahmadinejad/mahmoud_ahmadinejad.php
ERROR:root:OpenError: http://entekhab.ir/display/?ID=2648
ERROR:root:OpenError: http://www.voanews.com/english/archive/2005-08/2005-08-06-voa8.cfm
WARNING:root:UnicodeError: http://www.bbc.co.uk/persian/iran/story/2007/07/070710_ka-mpo.shtmlسازمان
ERROR:root:OpenError: http://www.tehrantimes.com/index_View.asp?code=175959
ERROR:root:OpenError: http://www.nytimes.com/2013/04/04/world/middleeast/ahmadinejad-of-iran-reshapes-image-ahead-of-june-vote.html?pagewanted=all&_r=1&
ERROR:root:OpenError: http://www.washingtonpost.com/world/iranian-lawmakers-warn-ahmadinejad-to-back-intelligence-chief-as-political-feud-deepens/2011/04/20/AFDuybAE_story.html
ERROR:root:OpenError: http://brownback.senate.gov/public/legissues/foreignpol_crsreportiranprofilestateofpres.pdf
ERROR:root:OpenError: http://www.worldmayor.com/results05/worldmayor_finalists05.html
ERROR:root:OpenError: http://www.hinduonnet.com/fline/fl2326/stories/20070112001105500.htm
ERROR:root:OpenError: http://www.prospect-magazine.co.uk/article_details.php?id=7487
WARNING:root:HtmlParseError: http://tofoiran.packdeal.com/clips/DrIman/20060906-DrIman-CNN-225.asx
ERROR:root:OpenError: http://www.servat.unibe.ch/law/icl/ir00000_.html#A133_
ERROR:root:OpenError: http://president.ir/ahmadinejad/cronicnews/1384/06/02/index-f.htm#b3
WARNING:root:HtmlParseError: http://www.khaleejtimes.com/DisplayArticle.asp?xfile=data/middleeast/2005/August/middleeast_August739.xml&section=middleeast&col=
ERROR:root:OpenError: http://www.google.com/hostednews/ap/article/ALeqM5jGSJEAPs_r2T2wxsL5G3t4z-jajQD99S84080
WARNING:root:HtmlParseError: http://www.aftabnews.ir/vdchzinw.23nzmdftt2.html
WARNING:root:HtmlParseError: http://www.presstv.ir/detail.aspx?id=104018&sectionid=351020101
ERROR:root:OpenError: http://www.nytimes.com/2012/03/05/world/middleeast/iran-elections-deal-blow-to-ahmadinejad-and-the-presidency.html?_r=2&nl=todaysheadlines&emc=tha22
WARNING:root:HtmlParseError: http://www.presstv.ir/detail.aspx?id=106378&sectionid=351020102
